Start testing: Sep 11 16:27 PDT
----------------------------------------------------------
14/15 Testing: DDGRoundBasic.TwoPlayers
14/15 Test: DDGRoundBasic.TwoPlayers
Command: "/usr/bin/valgrind" "--tool=memcheck" "--leak-check=yes" "--error-exitcode=42" "--trace-children=no" "/home/cs104/cs104/hw-milespha/hw2/hw2-check/duck_duck_goose_tests/duck_duck_goose_test" "--gtest_filter=DDGRoundBasic.TwoPlayers" "--gtest_color=yes"
Directory: /home/cs104/cs104/hw-milespha/hw2/hw2-check/duck_duck_goose_tests
"DDGRoundBasic.TwoPlayers" start time: Sep 11 16:27 PDT
Output:
----------------------------------------------------------
==3031== Memcheck, a memory error detector
==3031== Copyright (C) 2002-2017, and GNU GPL'd, by Julian Seward et al.
==3031== Using Valgrind-3.13.0 and LibVEX; rerun with -h for copyright info
==3031== Command: /home/cs104/cs104/hw-milespha/hw2/hw2-check/duck_duck_goose_tests/duck_duck_goose_test --gtest_filter=DDGRoundBasic.TwoPlayers --gtest_color=yes
==3031== 
Running main() from gtest_main.cc
[0;33mNote: Google Test filter = DDGRoundBasic.TwoPlayers
[m[0;32m[==========] [mRunning 1 test from 1 test case.
[0;32m[----------] [mGlobal test environment set-up.
[0;32m[----------] [m1 test from DDGRoundBasic
[0;32m[ RUN      ] [mDDGRoundBasic.TwoPlayers
Destructor
count: 1
item #0: 8
[0;32m[       OK ] [mDDGRoundBasic.TwoPlayers (21 ms)
[0;32m[----------] [m1 test from DDGRoundBasic (27 ms total)

[0;32m[----------] [mGlobal test environment tear-down
[0;32m[==========] [m1 test from 1 test case ran. (48 ms total)
[0;32m[  PASSED  ] [m1 test.
==3031== 
==3031== HEAP SUMMARY:
==3031==     in use at exit: 72,704 bytes in 1 blocks
==3031==   total heap usage: 226 allocs, 225 frees, 125,888 bytes allocated
==3031== 
==3031== LEAK SUMMARY:
==3031==    definitely lost: 0 bytes in 0 blocks
==3031==    indirectly lost: 0 bytes in 0 blocks
==3031==      possibly lost: 0 bytes in 0 blocks
==3031==    still reachable: 0 bytes in 0 blocks
==3031==         suppressed: 72,704 bytes in 1 blocks
==3031== 
==3031== For counts of detected and suppressed errors, rerun with: -v
==3031== ERROR SUMMARY: 0 errors from 0 contexts (suppressed: 0 from 0)
<end of output>
Test time =   0.86 sec
----------------------------------------------------------
Test Passed.
"DDGRoundBasic.TwoPlayers" end time: Sep 11 16:27 PDT
"DDGRoundBasic.TwoPlayers" time elapsed: 00:00:00
----------------------------------------------------------

15/15 Testing: DDGBasic.FivePlayers
15/15 Test: DDGBasic.FivePlayers
Command: "/usr/bin/valgrind" "--tool=memcheck" "--leak-check=yes" "--error-exitcode=42" "--trace-children=no" "/home/cs104/cs104/hw-milespha/hw2/hw2-check/duck_duck_goose_tests/duck_duck_goose_test" "--gtest_filter=DDGBasic.FivePlayers" "--gtest_color=yes"
Directory: /home/cs104/cs104/hw-milespha/hw2/hw2-check/duck_duck_goose_tests
"DDGBasic.FivePlayers" start time: Sep 11 16:27 PDT
Output:
----------------------------------------------------------
==3030== Memcheck, a memory error detector
==3030== Copyright (C) 2002-2017, and GNU GPL'd, by Julian Seward et al.
==3030== Using Valgrind-3.13.0 and LibVEX; rerun with -h for copyright info
==3030== Command: /home/cs104/cs104/hw-milespha/hw2/hw2-check/duck_duck_goose_tests/duck_duck_goose_test --gtest_filter=DDGBasic.FivePlayers --gtest_color=yes
==3030== 
Running main() from gtest_main.cc
[0;33mNote: Google Test filter = DDGBasic.FivePlayers
[m[0;32m[==========] [mRunning 1 test from 1 test case.
[0;32m[----------] [mGlobal test environment set-up.
[0;32m[----------] [m1 test from DDGBasic
[0;32m[ RUN      ] [mDDGBasic.FivePlayers
Executing program: /usr/bin/valgrind --tool=memcheck -q --leak-check=yes --error-exitcode=113 /home/cs104/cs104/hw-milespha/hw2/hw2-check/duck_duck_goose /home/cs104/cs104/hw-milespha/hw2/hw2-check/duck_duck_goose_tests/testFiles/basic_five_players/config.txt /home/cs104/cs104/hw-milespha/hw2/hw2-check/duck_duck_goose_tests/testFiles/basic_five_players/output.txt










Destructor
count: 1
item #0: 4
[0;32m[       OK ] [mDDGBasic.FivePlayers (640 ms)
[0;32m[----------] [m1 test from DDGBasic (645 ms total)

[0;32m[----------] [mGlobal test environment tear-down
[0;32m[==========] [m1 test from 1 test case ran. (668 ms total)
[0;32m[  PASSED  ] [m1 test.
==3030== 
==3030== HEAP SUMMARY:
==3030==     in use at exit: 72,704 bytes in 1 blocks
==3030==   total heap usage: 279 allocs, 278 frees, 159,020 bytes allocated
==3030== 
==3030== LEAK SUMMARY:
==3030==    definitely lost: 0 bytes in 0 blocks
==3030==    indirectly lost: 0 bytes in 0 blocks
==3030==      possibly lost: 0 bytes in 0 blocks
==3030==    still reachable: 0 bytes in 0 blocks
==3030==         suppressed: 72,704 bytes in 1 blocks
==3030== 
==3030== For counts of detected and suppressed errors, rerun with: -v
==3030== ERROR SUMMARY: 0 errors from 0 contexts (suppressed: 0 from 0)
<end of output>
Test time =   1.49 sec
----------------------------------------------------------
Test Passed.
"DDGBasic.FivePlayers" end time: Sep 11 16:27 PDT
"DDGBasic.FivePlayers" time elapsed: 00:00:01
----------------------------------------------------------

10/15 Testing: ListBasic.OneItemRemove
10/15 Test: ListBasic.OneItemRemove
Command: "/usr/bin/valgrind" "--tool=memcheck" "--leak-check=yes" "--error-exitcode=42" "--trace-children=no" "/home/cs104/cs104/hw-milespha/hw2/hw2-check/circular_list_tests/circular_list_test" "--gtest_filter=ListBasic.OneItemRemove" "--gtest_color=yes"
Directory: /home/cs104/cs104/hw-milespha/hw2/hw2-check/circular_list_tests
"ListBasic.OneItemRemove" start time: Sep 11 16:27 PDT
Output:
----------------------------------------------------------
==3035== Memcheck, a memory error detector
==3035== Copyright (C) 2002-2017, and GNU GPL'd, by Julian Seward et al.
==3035== Using Valgrind-3.13.0 and LibVEX; rerun with -h for copyright info
==3035== Command: /home/cs104/cs104/hw-milespha/hw2/hw2-check/circular_list_tests/circular_list_test --gtest_filter=ListBasic.OneItemRemove --gtest_color=yes
==3035== 
Running main() from gtest_main.cc
[0;33mNote: Google Test filter = ListBasic.OneItemRemove
[m[0;32m[==========] [mRunning 1 test from 1 test case.
[0;32m[----------] [mGlobal test environment set-up.
[0;32m[----------] [m1 test from ListBasic
[0;32m[ RUN      ] [mListBasic.OneItemRemove
Destructor
count: 0
[0;32m[       OK ] [mListBasic.OneItemRemove (14 ms)
[0;32m[----------] [m1 test from ListBasic (19 ms total)

[0;32m[----------] [mGlobal test environment tear-down
[0;32m[==========] [m1 test from 1 test case ran. (42 ms total)
[0;32m[  PASSED  ] [m1 test.
==3035== 
==3035== HEAP SUMMARY:
==3035==     in use at exit: 72,704 bytes in 1 blocks
==3035==   total heap usage: 236 allocs, 235 frees, 125,954 bytes allocated
==3035== 
==3035== LEAK SUMMARY:
==3035==    definitely lost: 0 bytes in 0 blocks
==3035==    indirectly lost: 0 bytes in 0 blocks
==3035==      possibly lost: 0 bytes in 0 blocks
==3035==    still reachable: 0 bytes in 0 blocks
==3035==         suppressed: 72,704 bytes in 1 blocks
==3035== 
==3035== For counts of detected and suppressed errors, rerun with: -v
==3035== ERROR SUMMARY: 0 errors from 0 contexts (suppressed: 0 from 0)
<end of output>
Test time =   0.65 sec
----------------------------------------------------------
Test Passed.
"ListBasic.OneItemRemove" end time: Sep 11 16:27 PDT
"ListBasic.OneItemRemove" time elapsed: 00:00:00
----------------------------------------------------------

9/15 Testing: ListBasic.Empty
9/15 Test: ListBasic.Empty
Command: "/usr/bin/valgrind" "--tool=memcheck" "--leak-check=yes" "--error-exitcode=42" "--trace-children=no" "/home/cs104/cs104/hw-milespha/hw2/hw2-check/circular_list_tests/circular_list_test" "--gtest_filter=ListBasic.Empty" "--gtest_color=yes"
Directory: /home/cs104/cs104/hw-milespha/hw2/hw2-check/circular_list_tests
"ListBasic.Empty" start time: Sep 11 16:27 PDT
Output:
----------------------------------------------------------
==3036== Memcheck, a memory error detector
==3036== Copyright (C) 2002-2017, and GNU GPL'd, by Julian Seward et al.
==3036== Using Valgrind-3.13.0 and LibVEX; rerun with -h for copyright info
==3036== Command: /home/cs104/cs104/hw-milespha/hw2/hw2-check/circular_list_tests/circular_list_test --gtest_filter=ListBasic.Empty --gtest_color=yes
==3036== 
Running main() from gtest_main.cc
[0;33mNote: Google Test filter = ListBasic.Empty
[m[0;32m[==========] [mRunning 1 test from 1 test case.
[0;32m[----------] [mGlobal test environment set-up.
[0;32m[----------] [m1 test from ListBasic
[0;32m[ RUN      ] [mListBasic.Empty
Destructor
count: 0
[0;32m[       OK ] [mListBasic.Empty (12 ms)
[0;32m[----------] [m1 test from ListBasic (18 ms total)

[0;32m[----------] [mGlobal test environment tear-down
[0;32m[==========] [m1 test from 1 test case ran. (41 ms total)
[0;32m[  PASSED  ] [m1 test.
==3036== 
==3036== HEAP SUMMARY:
==3036==     in use at exit: 72,704 bytes in 1 blocks
==3036==   total heap usage: 225 allocs, 224 frees, 125,556 bytes allocated
==3036== 
==3036== LEAK SUMMARY:
==3036==    definitely lost: 0 bytes in 0 blocks
==3036==    indirectly lost: 0 bytes in 0 blocks
==3036==      possibly lost: 0 bytes in 0 blocks
==3036==    still reachable: 0 bytes in 0 blocks
==3036==         suppressed: 72,704 bytes in 1 blocks
==3036== 
==3036== For counts of detected and suppressed errors, rerun with: -v
==3036== ERROR SUMMARY: 0 errors from 0 contexts (suppressed: 0 from 0)
<end of output>
Test time =   0.61 sec
----------------------------------------------------------
Test Passed.
"ListBasic.Empty" end time: Sep 11 16:27 PDT
"ListBasic.Empty" time elapsed: 00:00:00
----------------------------------------------------------

12/15 Testing: ListBasic.Set
12/15 Test: ListBasic.Set
Command: "/usr/bin/valgrind" "--tool=memcheck" "--leak-check=yes" "--error-exitcode=42" "--trace-children=no" "/home/cs104/cs104/hw-milespha/hw2/hw2-check/circular_list_tests/circular_list_test" "--gtest_filter=ListBasic.Set" "--gtest_color=yes"
Directory: /home/cs104/cs104/hw-milespha/hw2/hw2-check/circular_list_tests
"ListBasic.Set" start time: Sep 11 16:27 PDT
Output:
----------------------------------------------------------
==3037== Memcheck, a memory error detector
==3037== Copyright (C) 2002-2017, and GNU GPL'd, by Julian Seward et al.
==3037== Using Valgrind-3.13.0 and LibVEX; rerun with -h for copyright info
==3037== Command: /home/cs104/cs104/hw-milespha/hw2/hw2-check/circular_list_tests/circular_list_test --gtest_filter=ListBasic.Set --gtest_color=yes
==3037== 
Running main() from gtest_main.cc
[0;33mNote: Google Test filter = ListBasic.Set
[m[0;32m[==========] [mRunning 1 test from 1 test case.
[0;32m[----------] [mGlobal test environment set-up.
[0;32m[----------] [m1 test from ListBasic
[0;32m[ RUN      ] [mListBasic.Set
Destructor
count: 3
item #0: 2
item #1: -5043
item #2: 0
[0;32m[       OK ] [mListBasic.Set (16 ms)
[0;32m[----------] [m1 test from ListBasic (20 ms total)

[0;32m[----------] [mGlobal test environment tear-down
[0;32m[==========] [m1 test from 1 test case ran. (43 ms total)
[0;32m[  PASSED  ] [m1 test.
==3037== 
==3037== HEAP SUMMARY:
==3037==     in use at exit: 72,704 bytes in 1 blocks
==3037==   total heap usage: 230 allocs, 229 frees, 125,640 bytes allocated
==3037== 
==3037== LEAK SUMMARY:
==3037==    definitely lost: 0 bytes in 0 blocks
==3037==    indirectly lost: 0 bytes in 0 blocks
==3037==      possibly lost: 0 bytes in 0 blocks
==3037==    still reachable: 0 bytes in 0 blocks
==3037==         suppressed: 72,704 bytes in 1 blocks
==3037== 
==3037== For counts of detected and suppressed errors, rerun with: -v
==3037== ERROR SUMMARY: 0 errors from 0 contexts (suppressed: 0 from 0)
<end of output>
Test time =   0.60 sec
----------------------------------------------------------
Test Passed.
"ListBasic.Set" end time: Sep 11 16:27 PDT
"ListBasic.Set" time elapsed: 00:00:00
----------------------------------------------------------

8/15 Testing: ListBasic.ThreeItemAdd
8/15 Test: ListBasic.ThreeItemAdd
Command: "/usr/bin/valgrind" "--tool=memcheck" "--leak-check=yes" "--error-exitcode=42" "--trace-children=no" "/home/cs104/cs104/hw-milespha/hw2/hw2-check/circular_list_tests/circular_list_test" "--gtest_filter=ListBasic.ThreeItemAdd" "--gtest_color=yes"
Directory: /home/cs104/cs104/hw-milespha/hw2/hw2-check/circular_list_tests
"ListBasic.ThreeItemAdd" start time: Sep 11 16:27 PDT
Output:
----------------------------------------------------------
==3038== Memcheck, a memory error detector
==3038== Copyright (C) 2002-2017, and GNU GPL'd, by Julian Seward et al.
==3038== Using Valgrind-3.13.0 and LibVEX; rerun with -h for copyright info
==3038== Command: /home/cs104/cs104/hw-milespha/hw2/hw2-check/circular_list_tests/circular_list_test --gtest_filter=ListBasic.ThreeItemAdd --gtest_color=yes
==3038== 
Running main() from gtest_main.cc
[0;33mNote: Google Test filter = ListBasic.ThreeItemAdd
[m[0;32m[==========] [mRunning 1 test from 1 test case.
[0;32m[----------] [mGlobal test environment set-up.
[0;32m[----------] [m1 test from ListBasic
[0;32m[ RUN      ] [mListBasic.ThreeItemAdd
List was: 
[768, 1024, 1536]
Destructor
count: 3
item #0: 768
item #1: 1024
item #2: 1536
[0;32m[       OK ] [mListBasic.ThreeItemAdd (16 ms)
[0;32m[----------] [m1 test from ListBasic (21 ms total)

[0;32m[----------] [mGlobal test environment tear-down
[0;32m[==========] [m1 test from 1 test case ran. (42 ms total)
[0;32m[  PASSED  ] [m1 test.
==3038== 
==3038== HEAP SUMMARY:
==3038==     in use at exit: 72,704 bytes in 1 blocks
==3038==   total heap usage: 240 allocs, 239 frees, 126,022 bytes allocated
==3038== 
==3038== LEAK SUMMARY:
==3038==    definitely lost: 0 bytes in 0 blocks
==3038==    indirectly lost: 0 bytes in 0 blocks
==3038==      possibly lost: 0 bytes in 0 blocks
==3038==    still reachable: 0 bytes in 0 blocks
==3038==         suppressed: 72,704 bytes in 1 blocks
==3038== 
==3038== For counts of detected and suppressed errors, rerun with: -v
==3038== ERROR SUMMARY: 0 errors from 0 contexts (suppressed: 0 from 0)
<end of output>
Test time =   0.61 sec
----------------------------------------------------------
Test Passed.
"ListBasic.ThreeItemAdd" end time: Sep 11 16:27 PDT
"ListBasic.ThreeItemAdd" time elapsed: 00:00:00
----------------------------------------------------------

11/15 Testing: ListBasic.ThreeItemRemove
11/15 Test: ListBasic.ThreeItemRemove
Command: "/usr/bin/valgrind" "--tool=memcheck" "--leak-check=yes" "--error-exitcode=42" "--trace-children=no" "/home/cs104/cs104/hw-milespha/hw2/hw2-check/circular_list_tests/circular_list_test" "--gtest_filter=ListBasic.ThreeItemRemove" "--gtest_color=yes"
Directory: /home/cs104/cs104/hw-milespha/hw2/hw2-check/circular_list_tests
"ListBasic.ThreeItemRemove" start time: Sep 11 16:27 PDT
Output:
----------------------------------------------------------
==3039== Memcheck, a memory error detector
==3039== Copyright (C) 2002-2017, and GNU GPL'd, by Julian Seward et al.
==3039== Using Valgrind-3.13.0 and LibVEX; rerun with -h for copyright info
==3039== Command: /home/cs104/cs104/hw-milespha/hw2/hw2-check/circular_list_tests/circular_list_test --gtest_filter=ListBasic.ThreeItemRemove --gtest_color=yes
==3039== 
Running main() from gtest_main.cc
[0;33mNote: Google Test filter = ListBasic.ThreeItemRemove
[m[0;32m[==========] [mRunning 1 test from 1 test case.
[0;32m[----------] [mGlobal test environment set-up.
[0;32m[----------] [m1 test from ListBasic
[0;32m[ RUN      ] [mListBasic.ThreeItemRemove
Destructor
count: 0
[0;32m[       OK ] [mListBasic.ThreeItemRemove (15 ms)
[0;32m[----------] [m1 test from ListBasic (20 ms total)

[0;32m[----------] [mGlobal test environment tear-down
[0;32m[==========] [m1 test from 1 test case ran. (44 ms total)
[0;32m[  PASSED  ] [m1 test.
==3039== 
==3039== HEAP SUMMARY:
==3039==     in use at exit: 72,704 bytes in 1 blocks
==3039==   total heap usage: 240 allocs, 239 frees, 126,046 bytes allocated
==3039== 
==3039== LEAK SUMMARY:
==3039==    definitely lost: 0 bytes in 0 blocks
==3039==    indirectly lost: 0 bytes in 0 blocks
==3039==      possibly lost: 0 bytes in 0 blocks
==3039==    still reachable: 0 bytes in 0 blocks
==3039==         suppressed: 72,704 bytes in 1 blocks
==3039== 
==3039== For counts of detected and suppressed errors, rerun with: -v
==3039== ERROR SUMMARY: 0 errors from 0 contexts (suppressed: 0 from 0)
<end of output>
Test time =   0.60 sec
----------------------------------------------------------
Test Passed.
"ListBasic.ThreeItemRemove" end time: Sep 11 16:27 PDT
"ListBasic.ThreeItemRemove" time elapsed: 00:00:00
----------------------------------------------------------

6/15 Testing: ListBasic.ConstructionDestruction
6/15 Test: ListBasic.ConstructionDestruction
Command: "/usr/bin/valgrind" "--tool=memcheck" "--leak-check=yes" "--error-exitcode=42" "--trace-children=no" "/home/cs104/cs104/hw-milespha/hw2/hw2-check/circular_list_tests/circular_list_test" "--gtest_filter=ListBasic.ConstructionDestruction" "--gtest_color=yes"
Directory: /home/cs104/cs104/hw-milespha/hw2/hw2-check/circular_list_tests
"ListBasic.ConstructionDestruction" start time: Sep 11 16:27 PDT
Output:
----------------------------------------------------------
==3040== Memcheck, a memory error detector
==3040== Copyright (C) 2002-2017, and GNU GPL'd, by Julian Seward et al.
==3040== Using Valgrind-3.13.0 and LibVEX; rerun with -h for copyright info
==3040== Command: /home/cs104/cs104/hw-milespha/hw2/hw2-check/circular_list_tests/circular_list_test --gtest_filter=ListBasic.ConstructionDestruction --gtest_color=yes
==3040== 
Running main() from gtest_main.cc
[0;33mNote: Google Test filter = ListBasic.ConstructionDestruction
[m[0;32m[==========] [mRunning 1 test from 1 test case.
[0;32m[----------] [mGlobal test environment set-up.
[0;32m[----------] [m1 test from ListBasic
[0;32m[ RUN      ] [mListBasic.ConstructionDestruction
Destructor
count: 0
[0;32m[       OK ] [mListBasic.ConstructionDestruction (12 ms)
[0;32m[----------] [m1 test from ListBasic (17 ms total)

[0;32m[----------] [mGlobal test environment tear-down
[0;32m[==========] [m1 test from 1 test case ran. (40 ms total)
[0;32m[  PASSED  ] [m1 test.
==3040== 
==3040== HEAP SUMMARY:
==3040==     in use at exit: 72,704 bytes in 1 blocks
==3040==   total heap usage: 235 allocs, 234 frees, 126,040 bytes allocated
==3040== 
==3040== LEAK SUMMARY:
==3040==    definitely lost: 0 bytes in 0 blocks
==3040==    indirectly lost: 0 bytes in 0 blocks
==3040==      possibly lost: 0 bytes in 0 blocks
==3040==    still reachable: 0 bytes in 0 blocks
==3040==         suppressed: 72,704 bytes in 1 blocks
==3040== 
==3040== For counts of detected and suppressed errors, rerun with: -v
==3040== ERROR SUMMARY: 0 errors from 0 contexts (suppressed: 0 from 0)
<end of output>
Test time =   0.70 sec
----------------------------------------------------------
Test Passed.
"ListBasic.ConstructionDestruction" end time: Sep 11 16:27 PDT
"ListBasic.ConstructionDestruction" time elapsed: 00:00:00
----------------------------------------------------------

13/15 Testing: ListBasic.CircularIndicies
13/15 Test: ListBasic.CircularIndicies
Command: "/usr/bin/valgrind" "--tool=memcheck" "--leak-check=yes" "--error-exitcode=42" "--trace-children=no" "/home/cs104/cs104/hw-milespha/hw2/hw2-check/circular_list_tests/circular_list_test" "--gtest_filter=ListBasic.CircularIndicies" "--gtest_color=yes"
Directory: /home/cs104/cs104/hw-milespha/hw2/hw2-check/circular_list_tests
"ListBasic.CircularIndicies" start time: Sep 11 16:27 PDT
Output:
----------------------------------------------------------
==3041== Memcheck, a memory error detector
==3041== Copyright (C) 2002-2017, and GNU GPL'd, by Julian Seward et al.
==3041== Using Valgrind-3.13.0 and LibVEX; rerun with -h for copyright info
==3041== Command: /home/cs104/cs104/hw-milespha/hw2/hw2-check/circular_list_tests/circular_list_test --gtest_filter=ListBasic.CircularIndicies --gtest_color=yes
==3041== 
Running main() from gtest_main.cc
[0;33mNote: Google Test filter = ListBasic.CircularIndicies
[m[0;32m[==========] [mRunning 1 test from 1 test case.
[0;32m[----------] [mGlobal test environment set-up.
[0;32m[----------] [m1 test from ListBasic
[0;32m[ RUN      ] [mListBasic.CircularIndicies
Destructor
count: 3
item #0: -20
item #1: 7998
item #2: 1
[0;32m[       OK ] [mListBasic.CircularIndicies (18 ms)
[0;32m[----------] [m1 test from ListBasic (22 ms total)

[0;32m[----------] [mGlobal test environment tear-down
[0;32m[==========] [m1 test from 1 test case ran. (49 ms total)
[0;32m[  PASSED  ] [m1 test.
==3041== 
==3041== HEAP SUMMARY:
==3041==     in use at exit: 72,704 bytes in 1 blocks
==3041==   total heap usage: 240 allocs, 239 frees, 126,054 bytes allocated
==3041== 
==3041== LEAK SUMMARY:
==3041==    definitely lost: 0 bytes in 0 blocks
==3041==    indirectly lost: 0 bytes in 0 blocks
==3041==      possibly lost: 0 bytes in 0 blocks
==3041==    still reachable: 0 bytes in 0 blocks
==3041==         suppressed: 72,704 bytes in 1 blocks
==3041== 
==3041== For counts of detected and suppressed errors, rerun with: -v
==3041== ERROR SUMMARY: 0 errors from 0 contexts (suppressed: 0 from 0)
<end of output>
Test time =   0.60 sec
----------------------------------------------------------
Test Passed.
"ListBasic.CircularIndicies" end time: Sep 11 16:27 PDT
"ListBasic.CircularIndicies" time elapsed: 00:00:00
----------------------------------------------------------

3/15 Testing: SelSortBasic.TenElementFindMin
3/15 Test: SelSortBasic.TenElementFindMin
Command: "/usr/bin/valgrind" "--tool=memcheck" "--leak-check=yes" "--error-exitcode=42" "--trace-children=no" "/home/cs104/cs104/hw-milespha/hw2/hw2-check/selection_sort_tests/selection_sort_test" "--gtest_filter=SelSortBasic.TenElementFindMin" "--gtest_color=yes"
Directory: /home/cs104/cs104/hw-milespha/hw2/hw2-check/selection_sort_tests
"SelSortBasic.TenElementFindMin" start time: Sep 11 16:27 PDT
Output:
----------------------------------------------------------
==3042== Memcheck, a memory error detector
==3042== Copyright (C) 2002-2017, and GNU GPL'd, by Julian Seward et al.
==3042== Using Valgrind-3.13.0 and LibVEX; rerun with -h for copyright info
==3042== Command: /home/cs104/cs104/hw-milespha/hw2/hw2-check/selection_sort_tests/selection_sort_test --gtest_filter=SelSortBasic.TenElementFindMin --gtest_color=yes
==3042== 
Running main() from gtest_main.cc
[0;33mNote: Google Test filter = SelSortBasic.TenElementFindMin
[m[0;32m[==========] [mRunning 1 test from 1 test case.
[0;32m[----------] [mGlobal test environment set-up.
[0;32m[----------] [m1 test from SelSortBasic
[0;32m[ RUN      ] [mSelSortBasic.TenElementFindMin
[0;32m[       OK ] [mSelSortBasic.TenElementFindMin (8 ms)
[0;32m[----------] [m1 test from SelSortBasic (13 ms total)

[0;32m[----------] [mGlobal test environment tear-down
[0;32m[==========] [m1 test from 1 test case ran. (36 ms total)
[0;32m[  PASSED  ] [m1 test.
==3042== 
==3042== HEAP SUMMARY:
==3042==     in use at exit: 72,704 bytes in 1 blocks
==3042==   total heap usage: 242 allocs, 241 frees, 125,565 bytes allocated
==3042== 
==3042== LEAK SUMMARY:
==3042==    definitely lost: 0 bytes in 0 blocks
==3042==    indirectly lost: 0 bytes in 0 blocks
==3042==      possibly lost: 0 bytes in 0 blocks
==3042==    still reachable: 0 bytes in 0 blocks
==3042==         suppressed: 72,704 bytes in 1 blocks
==3042== 
==3042== For counts of detected and suppressed errors, rerun with: -v
==3042== ERROR SUMMARY: 0 errors from 0 contexts (suppressed: 0 from 0)
<end of output>
Test time =   0.70 sec
----------------------------------------------------------
Test Passed.
"SelSortBasic.TenElementFindMin" end time: Sep 11 16:27 PDT
"SelSortBasic.TenElementFindMin" time elapsed: 00:00:00
----------------------------------------------------------

4/15 Testing: SelSortBasic.ThreeElementSort
4/15 Test: SelSortBasic.ThreeElementSort
Command: "/usr/bin/valgrind" "--tool=memcheck" "--leak-check=yes" "--error-exitcode=42" "--trace-children=no" "/home/cs104/cs104/hw-milespha/hw2/hw2-check/selection_sort_tests/selection_sort_test" "--gtest_filter=SelSortBasic.ThreeElementSort" "--gtest_color=yes"
Directory: /home/cs104/cs104/hw-milespha/hw2/hw2-check/selection_sort_tests
"SelSortBasic.ThreeElementSort" start time: Sep 11 16:27 PDT
Output:
----------------------------------------------------------
==3043== Memcheck, a memory error detector
==3043== Copyright (C) 2002-2017, and GNU GPL'd, by Julian Seward et al.
==3043== Using Valgrind-3.13.0 and LibVEX; rerun with -h for copyright info
==3043== Command: /home/cs104/cs104/hw-milespha/hw2/hw2-check/selection_sort_tests/selection_sort_test --gtest_filter=SelSortBasic.ThreeElementSort --gtest_color=yes
==3043== 
Running main() from gtest_main.cc
[0;33mNote: Google Test filter = SelSortBasic.ThreeElementSort
[m[0;32m[==========] [mRunning 1 test from 1 test case.
[0;32m[----------] [mGlobal test environment set-up.
[0;32m[----------] [m1 test from SelSortBasic
[0;32m[ RUN      ] [mSelSortBasic.ThreeElementSort
[0;32m[       OK ] [mSelSortBasic.ThreeElementSort (11 ms)
[0;32m[----------] [m1 test from SelSortBasic (16 ms total)

[0;32m[----------] [mGlobal test environment tear-down
[0;32m[==========] [m1 test from 1 test case ran. (38 ms total)
[0;32m[  PASSED  ] [m1 test.
==3043== 
==3043== HEAP SUMMARY:
==3043==     in use at exit: 72,704 bytes in 1 blocks
==3043==   total heap usage: 238 allocs, 237 frees, 125,505 bytes allocated
==3043== 
==3043== LEAK SUMMARY:
==3043==    definitely lost: 0 bytes in 0 blocks
==3043==    indirectly lost: 0 bytes in 0 blocks
==3043==      possibly lost: 0 bytes in 0 blocks
==3043==    still reachable: 0 bytes in 0 blocks
==3043==         suppressed: 72,704 bytes in 1 blocks
==3043== 
==3043== For counts of detected and suppressed errors, rerun with: -v
==3043== ERROR SUMMARY: 0 errors from 0 contexts (suppressed: 0 from 0)
<end of output>
Test time =   0.70 sec
----------------------------------------------------------
Test Passed.
"SelSortBasic.ThreeElementSort" end time: Sep 11 16:27 PDT
"SelSortBasic.ThreeElementSort" time elapsed: 00:00:00
----------------------------------------------------------

5/15 Testing: SelSortBasic.TenElementSort
5/15 Test: SelSortBasic.TenElementSort
Command: "/usr/bin/valgrind" "--tool=memcheck" "--leak-check=yes" "--error-exitcode=42" "--trace-children=no" "/home/cs104/cs104/hw-milespha/hw2/hw2-check/selection_sort_tests/selection_sort_test" "--gtest_filter=SelSortBasic.TenElementSort" "--gtest_color=yes"
Directory: /home/cs104/cs104/hw-milespha/hw2/hw2-check/selection_sort_tests
"SelSortBasic.TenElementSort" start time: Sep 11 16:27 PDT
Output:
----------------------------------------------------------
==3044== Memcheck, a memory error detector
==3044== Copyright (C) 2002-2017, and GNU GPL'd, by Julian Seward et al.
==3044== Using Valgrind-3.13.0 and LibVEX; rerun with -h for copyright info
==3044== Command: /home/cs104/cs104/hw-milespha/hw2/hw2-check/selection_sort_tests/selection_sort_test --gtest_filter=SelSortBasic.TenElementSort --gtest_color=yes
==3044== 
Running main() from gtest_main.cc
[0;33mNote: Google Test filter = SelSortBasic.TenElementSort
[m[0;32m[==========] [mRunning 1 test from 1 test case.
[0;32m[----------] [mGlobal test environment set-up.
[0;32m[----------] [m1 test from SelSortBasic
[0;32m[ RUN      ] [mSelSortBasic.TenElementSort
[0;32m[       OK ] [mSelSortBasic.TenElementSort (12 ms)
[0;32m[----------] [m1 test from SelSortBasic (17 ms total)

[0;32m[----------] [mGlobal test environment tear-down
[0;32m[==========] [m1 test from 1 test case ran. (39 ms total)
[0;32m[  PASSED  ] [m1 test.
==3044== 
==3044== HEAP SUMMARY:
==3044==     in use at exit: 72,704 bytes in 1 blocks
==3044==   total heap usage: 251 allocs, 250 frees, 125,973 bytes allocated
==3044== 
==3044== LEAK SUMMARY:
==3044==    definitely lost: 0 bytes in 0 blocks
==3044==    indirectly lost: 0 bytes in 0 blocks
==3044==      possibly lost: 0 bytes in 0 blocks
==3044==    still reachable: 0 bytes in 0 blocks
==3044==         suppressed: 72,704 bytes in 1 blocks
==3044== 
==3044== For counts of detected and suppressed errors, rerun with: -v
==3044== ERROR SUMMARY: 0 errors from 0 contexts (suppressed: 0 from 0)
<end of output>
Test time =   0.60 sec
----------------------------------------------------------
Test Passed.
"SelSortBasic.TenElementSort" end time: Sep 11 16:27 PDT
"SelSortBasic.TenElementSort" time elapsed: 00:00:00
----------------------------------------------------------

7/15 Testing: ListBasic.OneItemAdd
7/15 Test: ListBasic.OneItemAdd
Command: "/usr/bin/valgrind" "--tool=memcheck" "--leak-check=yes" "--error-exitcode=42" "--trace-children=no" "/home/cs104/cs104/hw-milespha/hw2/hw2-check/circular_list_tests/circular_list_test" "--gtest_filter=ListBasic.OneItemAdd" "--gtest_color=yes"
Directory: /home/cs104/cs104/hw-milespha/hw2/hw2-check/circular_list_tests
"ListBasic.OneItemAdd" start time: Sep 11 16:27 PDT
Output:
----------------------------------------------------------
==3045== Memcheck, a memory error detector
==3045== Copyright (C) 2002-2017, and GNU GPL'd, by Julian Seward et al.
==3045== Using Valgrind-3.13.0 and LibVEX; rerun with -h for copyright info
==3045== Command: /home/cs104/cs104/hw-milespha/hw2/hw2-check/circular_list_tests/circular_list_test --gtest_filter=ListBasic.OneItemAdd --gtest_color=yes
==3045== 
Running main() from gtest_main.cc
[0;33mNote: Google Test filter = ListBasic.OneItemAdd
[m[0;32m[==========] [mRunning 1 test from 1 test case.
[0;32m[----------] [mGlobal test environment set-up.
[0;32m[----------] [m1 test from ListBasic
[0;32m[ RUN      ] [mListBasic.OneItemAdd
Destructor
count: 1
item #0: 999
[0;32m[       OK ] [mListBasic.OneItemAdd (18 ms)
[0;32m[----------] [m1 test from ListBasic (25 ms total)

[0;32m[----------] [mGlobal test environment tear-down
[0;32m[==========] [m1 test from 1 test case ran. (50 ms total)
[0;32m[  PASSED  ] [m1 test.
==3045== 
==3045== HEAP SUMMARY:
==3045==     in use at exit: 72,704 bytes in 1 blocks
==3045==   total heap usage: 236 allocs, 235 frees, 125,930 bytes allocated
==3045== 
==3045== LEAK SUMMARY:
==3045==    definitely lost: 0 bytes in 0 blocks
==3045==    indirectly lost: 0 bytes in 0 blocks
==3045==      possibly lost: 0 bytes in 0 blocks
==3045==    still reachable: 0 bytes in 0 blocks
==3045==         suppressed: 72,704 bytes in 1 blocks
==3045== 
==3045== For counts of detected and suppressed errors, rerun with: -v
==3045== ERROR SUMMARY: 0 errors from 0 contexts (suppressed: 0 from 0)
<end of output>
Test time =   0.70 sec
----------------------------------------------------------
Test Passed.
"ListBasic.OneItemAdd" end time: Sep 11 16:27 PDT
"ListBasic.OneItemAdd" time elapsed: 00:00:00
----------------------------------------------------------

2/15 Testing: SelSortBasic.ThreeElementFindMin
2/15 Test: SelSortBasic.ThreeElementFindMin
Command: "/usr/bin/valgrind" "--tool=memcheck" "--leak-check=yes" "--error-exitcode=42" "--trace-children=no" "/home/cs104/cs104/hw-milespha/hw2/hw2-check/selection_sort_tests/selection_sort_test" "--gtest_filter=SelSortBasic.ThreeElementFindMin" "--gtest_color=yes"
Directory: /home/cs104/cs104/hw-milespha/hw2/hw2-check/selection_sort_tests
"SelSortBasic.ThreeElementFindMin" start time: Sep 11 16:27 PDT
Output:
----------------------------------------------------------
==3046== Memcheck, a memory error detector
==3046== Copyright (C) 2002-2017, and GNU GPL'd, by Julian Seward et al.
==3046== Using Valgrind-3.13.0 and LibVEX; rerun with -h for copyright info
==3046== Command: /home/cs104/cs104/hw-milespha/hw2/hw2-check/selection_sort_tests/selection_sort_test --gtest_filter=SelSortBasic.ThreeElementFindMin --gtest_color=yes
==3046== 
Running main() from gtest_main.cc
[0;33mNote: Google Test filter = SelSortBasic.ThreeElementFindMin
[m[0;32m[==========] [mRunning 1 test from 1 test case.
[0;32m[----------] [mGlobal test environment set-up.
[0;32m[----------] [m1 test from SelSortBasic
[0;32m[ RUN      ] [mSelSortBasic.ThreeElementFindMin
[0;32m[       OK ] [mSelSortBasic.ThreeElementFindMin (5 ms)
[0;32m[----------] [m1 test from SelSortBasic (11 ms total)

[0;32m[----------] [mGlobal test environment tear-down
[0;32m[==========] [m1 test from 1 test case ran. (34 ms total)
[0;32m[  PASSED  ] [m1 test.
==3046== 
==3046== HEAP SUMMARY:
==3046==     in use at exit: 72,704 bytes in 1 blocks
==3046==   total heap usage: 235 allocs, 234 frees, 125,399 bytes allocated
==3046== 
==3046== LEAK SUMMARY:
==3046==    definitely lost: 0 bytes in 0 blocks
==3046==    indirectly lost: 0 bytes in 0 blocks
==3046==      possibly lost: 0 bytes in 0 blocks
==3046==    still reachable: 0 bytes in 0 blocks
==3046==         suppressed: 72,704 bytes in 1 blocks
==3046== 
==3046== For counts of detected and suppressed errors, rerun with: -v
==3046== ERROR SUMMARY: 0 errors from 0 contexts (suppressed: 0 from 0)
<end of output>
Test time =   0.61 sec
----------------------------------------------------------
Test Passed.
"SelSortBasic.ThreeElementFindMin" end time: Sep 11 16:27 PDT
"SelSortBasic.ThreeElementFindMin" time elapsed: 00:00:00
----------------------------------------------------------

1/15 Testing: SelSortBasic.OneElementFindMin
1/15 Test: SelSortBasic.OneElementFindMin
Command: "/usr/bin/valgrind" "--tool=memcheck" "--leak-check=yes" "--error-exitcode=42" "--trace-children=no" "/home/cs104/cs104/hw-milespha/hw2/hw2-check/selection_sort_tests/selection_sort_test" "--gtest_filter=SelSortBasic.OneElementFindMin" "--gtest_color=yes"
Directory: /home/cs104/cs104/hw-milespha/hw2/hw2-check/selection_sort_tests
"SelSortBasic.OneElementFindMin" start time: Sep 11 16:27 PDT
Output:
----------------------------------------------------------
==3047== Memcheck, a memory error detector
==3047== Copyright (C) 2002-2017, and GNU GPL'd, by Julian Seward et al.
==3047== Using Valgrind-3.13.0 and LibVEX; rerun with -h for copyright info
==3047== Command: /home/cs104/cs104/hw-milespha/hw2/hw2-check/selection_sort_tests/selection_sort_test --gtest_filter=SelSortBasic.OneElementFindMin --gtest_color=yes
==3047== 
Running main() from gtest_main.cc
[0;33mNote: Google Test filter = SelSortBasic.OneElementFindMin
[m[0;32m[==========] [mRunning 1 test from 1 test case.
[0;32m[----------] [mGlobal test environment set-up.
[0;32m[----------] [m1 test from SelSortBasic
[0;32m[ RUN      ] [mSelSortBasic.OneElementFindMin
[0;32m[       OK ] [mSelSortBasic.OneElementFindMin (5 ms)
[0;32m[----------] [m1 test from SelSortBasic (10 ms total)

[0;32m[----------] [mGlobal test environment tear-down
[0;32m[==========] [m1 test from 1 test case ran. (32 ms total)
[0;32m[  PASSED  ] [m1 test.
==3047== 
==3047== HEAP SUMMARY:
==3047==     in use at exit: 72,704 bytes in 1 blocks
==3047==   total heap usage: 233 allocs, 232 frees, 125,313 bytes allocated
==3047== 
==3047== LEAK SUMMARY:
==3047==    definitely lost: 0 bytes in 0 blocks
==3047==    indirectly lost: 0 bytes in 0 blocks
==3047==      possibly lost: 0 bytes in 0 blocks
==3047==    still reachable: 0 bytes in 0 blocks
==3047==         suppressed: 72,704 bytes in 1 blocks
==3047== 
==3047== For counts of detected and suppressed errors, rerun with: -v
==3047== ERROR SUMMARY: 0 errors from 0 contexts (suppressed: 0 from 0)
<end of output>
Test time =   0.61 sec
----------------------------------------------------------
Test Passed.
"SelSortBasic.OneElementFindMin" end time: Sep 11 16:27 PDT
"SelSortBasic.OneElementFindMin" time elapsed: 00:00:00
----------------------------------------------------------

End testing: Sep 11 16:27 PDT
